<?xml version="1.0" encoding="UTF-8"?>
<testng-results ignored="0" total="1" passed="1" failed="0" skipped="0">
  <reporter-output>
  </reporter-output>
  <suite started-at="2023-10-14T14:55:21 IST" name="Default suite" finished-at="2023-10-14T14:55:21 IST" duration-ms="103">
    <groups>
    </groups>
    <test started-at="2023-10-14T14:55:21 IST" name="Default test" finished-at="2023-10-14T14:55:21 IST" duration-ms="103">
      <class name="javaArpMam.SwapAStringWithoutTemp">
        <test-method signature="inter()[pri:0, instance:javaArpMam.SwapAStringWithoutTemp@2a4fb17b]" started-at="2023-10-14T14:55:21 IST" name="inter" finished-at="2023-10-14T14:55:21 IST" duration-ms="25" status="PASS">
          <reporter-output>
          </reporter-output>
        </test-method> <!-- inter -->
      </class> <!-- javaArpMam.SwapAStringWithoutTemp -->
    </test> <!-- Default test -->
  </suite> <!-- Default suite -->
</testng-results>
